c:\users\yusuf\desktop\dersnotları\paralel programlama\paralel\paralel\debug\paralel.pch
c:\users\yusuf\desktop\dersnotları\paralel programlama\paralel\paralel\debug\vc120.pdb
c:\users\yusuf\desktop\dersnotları\paralel programlama\paralel\paralel\debug\vc120.ıdb
c:\users\yusuf\desktop\dersnotları\paralel programlama\paralel\paralel\debug\stdafx.obj
c:\users\yusuf\desktop\dersnotları\paralel programlama\paralel\paralel\debug\paralel.obj
c:\users\yusuf\desktop\dersnotları\paralel programlama\paralel\debug\paralel.ılk
c:\users\yusuf\desktop\dersnotları\paralel programlama\paralel\debug\paralel.exe
c:\users\yusuf\desktop\dersnotları\paralel programlama\paralel\debug\paralel.pdb
c:\users\yusuf\desktop\dersnotlari\paralel programlama\paralel\paralel\debug\paralel.obj
c:\users\yusuf\desktop\dersnotlari\paralel programlama\paralel\paralel\debug\stdafx.obj
c:\users\yusuf\desktop\dersnotlari\paralel programlama\paralel\paralel\debug\paralel.pch
c:\users\yusuf\desktop\dersnotlari\paralel programlama\paralel\paralel\debug\vc120.idb
c:\users\yusuf\desktop\dersnotlari\paralel programlama\paralel\paralel\debug\vc120.pdb
c:\users\yusuf\desktop\dersnotlari\paralel programlama\paralel\debug\paralel.pdb
c:\users\yusuf\desktop\dersnotlari\paralel programlama\paralel\debug\paralel.exe
c:\users\yusuf\desktop\dersnotlari\paralel programlama\paralel\debug\paralel.ilk
c:\users\yusuf\desktop\dersnotlari\paralel programlama\paralel\paralel\debug\paralel.tlog\cl.command.1.tlog
c:\users\yusuf\desktop\dersnotlari\paralel programlama\paralel\paralel\debug\paralel.tlog\cl.read.1.tlog
c:\users\yusuf\desktop\dersnotlari\paralel programlama\paralel\paralel\debug\paralel.tlog\cl.write.1.tlog
c:\users\yusuf\desktop\dersnotlari\paralel programlama\paralel\paralel\debug\paralel.tlog\link.command.1.tlog
c:\users\yusuf\desktop\dersnotlari\paralel programlama\paralel\paralel\debug\paralel.tlog\link.read.1.tlog
c:\users\yusuf\desktop\dersnotlari\paralel programlama\paralel\paralel\debug\paralel.tlog\link.write.1.tlog
